# JRE version: Java(TM) SE Runtime Environment (17.0.12+8) (build 17.0.12+8-LTS-286)
# Java VM: Java HotSpot(TM) 64-Bit Server VM (17.0.12+8-LTS-286, mixed mode, sharing, tiered, compressed oops, compressed class ptrs, g1 gc, windows-amd64)
GC Precious Log:
 CPUs: 8 total, 8 available
 Memory: 7881M
 Large Page Support: Disabled
 NUMA Support: Disabled
 Compressed Oops: Enabled (Zero based)
 Heap Region Size: 2M
 Heap Min Capacity: 8M
 Heap Initial Capacity: 124M
 Heap Max Capacity: 4G
 Pre-touch: Disabled
 Parallel Workers: 8
 Concurrent Workers: 2
 Concurrent Refinement Workers: 8
 Periodic GC: Disabled
Heap:
 garbage-first heap   total 233472K, used 131478K [0x0000000700000000, 0x0000000800000000)
  region size 2048K, 1 young (2048K), 1 survivors (2048K)
 Metaspace       used 79801K, committed 80640K, reserved 1179648K
  class space    used 11019K, committed 11456K, reserved 1048576K
GC Heap History (20 events):
Event: 24.088 GC heap after
{Heap after GC invocations=24 (full 0):
 garbage-first heap   total 116736K, used 61106K [0x0000000700000000, 0x0000000800000000)
  region size 2048K, 2 young (4096K), 2 survivors (4096K)
 Metaspace       used 58248K, committed 58816K, reserved 1114112K
  class space    used 8320K, committed 8576K, reserved 1048576K
}
Event: 24.103 GC heap before
{Heap before GC invocations=24 (full 0):
 garbage-first heap   total 116736K, used 63154K [0x0000000700000000, 0x0000000800000000)
  region size 2048K, 3 young (6144K), 2 survivors (4096K)
 Metaspace       used 58248K, committed 58816K, reserved 1114112K
  class space    used 8320K, committed 8576K, reserved 1048576K
}
Event: 24.113 GC heap after
{Heap after GC invocations=25 (full 0):
 garbage-first heap   total 233472K, used 58362K [0x0000000700000000, 0x0000000800000000)
  region size 2048K, 1 young (2048K), 1 survivors (2048K)
 Metaspace       used 58248K, committed 58816K, reserved 1114112K
  class space    used 8320K, committed 8576K, reserved 1048576K
}
Event: 26.784 GC heap before
{Heap before GC invocations=25 (full 0):
 garbage-first heap   total 233472K, used 197626K [0x0000000700000000, 0x0000000800000000)
  region size 2048K, 65 young (133120K), 1 survivors (2048K)
 Metaspace       used 60540K, committed 61120K, reserved 1114112K
  class space    used 8605K, committed 8896K, reserved 1048576K
}
Event: 26.798 GC heap after
{Heap after GC invocations=26 (full 0):
 garbage-first heap   total 233472K, used 89610K [0x0000000700000000, 0x0000000800000000)
  region size 2048K, 9 young (18432K), 9 survivors (18432K)
 Metaspace       used 60540K, committed 61120K, reserved 1114112K
  class space    used 8605K, committed 8896K, reserved 1048576K
}
Event: 28.677 GC heap before
{Heap before GC invocations=26 (full 0):
 garbage-first heap   total 233472K, used 177674K [0x0000000700000000, 0x0000000800000000)
  region size 2048K, 53 young (108544K), 9 survivors (18432K)
 Metaspace       used 68117K, committed 68864K, reserved 1114112K
  class space    used 9441K, committed 9792K, reserved 1048576K
}
Event: 28.691 GC heap after
{Heap after GC invocations=27 (full 0):
 garbage-first heap   total 233472K, used 96573K [0x0000000700000000, 0x0000000800000000)
  region size 2048K, 4 young (8192K), 4 survivors (8192K)
 Metaspace       used 68117K, committed 68864K, reserved 1114112K
  class space    used 9441K, committed 9792K, reserved 1048576K
}
Event: 30.478 GC heap before
{Heap before GC invocations=27 (full 0):
 garbage-first heap   total 233472K, used 182589K [0x0000000700000000, 0x0000000800000000)
  region size 2048K, 46 young (94208K), 4 survivors (8192K)
 Metaspace       used 74333K, committed 75136K, reserved 1114112K
  class space    used 10288K, committed 10688K, reserved 1048576K
}
Event: 30.489 GC heap after
{Heap after GC invocations=28 (full 0):
 garbage-first heap   total 233472K, used 101623K [0x0000000700000000, 0x0000000800000000)
  region size 2048K, 6 young (12288K), 6 survivors (12288K)
 Metaspace       used 74333K, committed 75136K, reserved 1114112K
  class space    used 10288K, committed 10688K, reserved 1048576K
}
Event: 31.893 GC heap before
{Heap before GC invocations=28 (full 0):
 garbage-first heap   total 233472K, used 185591K [0x0000000700000000, 0x0000000800000000)
  region size 2048K, 47 young (96256K), 6 survivors (12288K)
 Metaspace       used 78012K, committed 78784K, reserved 1179648K
  class space    used 10806K, committed 11200K, reserved 1048576K
}
Event: 31.904 GC heap after
{Heap after GC invocations=29 (full 0):
 garbage-first heap   total 233472K, used 106571K [0x0000000700000000, 0x0000000800000000)
  region size 2048K, 6 young (12288K), 6 survivors (12288K)
 Metaspace       used 78012K, committed 78784K, reserved 1179648K
  class space    used 10806K, committed 11200K, reserved 1048576K
}
Event: 32.781 GC heap before
{Heap before GC invocations=29 (full 0):
 garbage-first heap   total 233472K, used 184395K [0x0000000700000000, 0x0000000800000000)
  region size 2048K, 45 young (92160K), 6 survivors (12288K)
 Metaspace       used 78268K, committed 79040K, reserved 1179648K
  class space    used 10813K, committed 11200K, reserved 1048576K
}
Event: 32.794 GC heap after
{Heap after GC invocations=30 (full 0):
 garbage-first heap   total 233472K, used 111618K [0x0000000700000000, 0x0000000800000000)
  region size 2048K, 5 young (10240K), 5 survivors (10240K)
 Metaspace       used 78268K, committed 79040K, reserved 1179648K
  class space    used 10813K, committed 11200K, reserved 1048576K
}
Event: 33.264 GC heap before
{Heap before GC invocations=30 (full 0):
 garbage-first heap   total 233472K, used 189442K [0x0000000700000000, 0x0000000800000000)
  region size 2048K, 43 young (88064K), 5 survivors (10240K)
 Metaspace       used 78269K, committed 79040K, reserved 1179648K
  class space    used 10814K, committed 11200K, reserved 1048576K
}
Event: 33.279 GC heap after
{Heap after GC invocations=31 (full 0):
 garbage-first heap   total 233472K, used 113952K [0x0000000700000000, 0x0000000800000000)
  region size 2048K, 4 young (8192K), 4 survivors (8192K)
 Metaspace       used 78269K, committed 79040K, reserved 1179648K
  class space    used 10814K, committed 11200K, reserved 1048576K
}
Event: 33.710 GC heap before
{Heap before GC invocations=31 (full 0):
 garbage-first heap   total 233472K, used 159008K [0x0000000700000000, 0x0000000800000000)
  region size 2048K, 28 young (57344K), 4 survivors (8192K)
 Metaspace       used 78276K, committed 79040K, reserved 1179648K
  class space    used 10814K, committed 11200K, reserved 1048576K
}
Event: 33.720 GC heap after
{Heap after GC invocations=32 (full 0):
 garbage-first heap   total 233472K, used 120430K [0x0000000700000000, 0x0000000800000000)
  region size 2048K, 6 young (12288K), 6 survivors (12288K)
 Metaspace       used 78276K, committed 79040K, reserved 1179648K
  class space    used 10814K, committed 11200K, reserved 1048576K
}
Event: 34.832 GC heap before
{Heap before GC invocations=33 (full 0):
 garbage-first heap   total 233472K, used 192110K [0x0000000700000000, 0x0000000800000000)
  region size 2048K, 38 young (77824K), 6 survivors (12288K)
 Metaspace       used 79675K, committed 80512K, reserved 1179648K
  class space    used 10995K, committed 11392K, reserved 1048576K
}
Event: 34.844 GC heap after
{Heap after GC invocations=34 (full 0):
 garbage-first heap   total 233472K, used 133234K [0x0000000700000000, 0x0000000800000000)
  region size 2048K, 4 young (8192K), 4 survivors (8192K)
 Metaspace       used 79675K, committed 80512K, reserved 1179648K
  class space    used 10995K, committed 11392K, reserved 1048576K
}
Event: 34.892 GC heap before
{Heap before GC invocations=34 (full 0):
 garbage-first heap   total 233472K, used 135282K [0x0000000700000000, 0x0000000800000000)
  region size 2048K, 5 young (10240K), 4 survivors (8192K)
 Metaspace       used 79801K, committed 80640K, reserved 1179648K
  class space    used 11019K, committed 11456K, reserved 1048576K
}

