# JRE version: Java(TM) SE Runtime Environment (17.0.12+8) (build 17.0.12+8-LTS-286)
# Java VM: Java HotSpot(TM) 64-Bit Server VM (17.0.12+8-LTS-286, mixed mode, sharing, tiered, compressed oops, compressed class ptrs, g1 gc, windows-amd64)
GC Precious Log:
 CPUs: 8 total, 8 available
 Memory: 7881M
 Large Page Support: Disabled
 NUMA Support: Disabled
 Compressed Oops: Enabled (Zero based)
 Heap Region Size: 4M
 Heap Min Capacity: 8M
 Heap Initial Capacity: 124M
 Heap Max Capacity: 6G
 Pre-touch: Disabled
 Parallel Workers: 8
 Concurrent Workers: 2
 Concurrent Refinement Workers: 8
 Periodic GC: Disabled
Heap:
 garbage-first heap   total 151552K, used 75272K [0x0000000680000000, 0x0000000800000000)
  region size 4096K, 2 young (8192K), 2 survivors (8192K)
 Metaspace       used 59062K, committed 59648K, reserved 1114112K
  class space    used 8410K, committed 8704K, reserved 1048576K
GC Heap History (20 events):
Event: 11.463 GC heap after
{Heap after GC invocations=11 (full 0):
 garbage-first heap   total 118784K, used 36407K [0x0000000680000000, 0x0000000800000000)
  region size 4096K, 2 young (8192K), 2 survivors (8192K)
 Metaspace       used 38881K, committed 39360K, reserved 1114112K
  class space    used 5472K, committed 5696K, reserved 1048576K
}
Event: 11.578 GC heap before
{Heap before GC invocations=11 (full 0):
 garbage-first heap   total 118784K, used 40503K [0x0000000680000000, 0x0000000800000000)
  region size 4096K, 3 young (12288K), 2 survivors (8192K)
 Metaspace       used 39340K, committed 39872K, reserved 1114112K
  class space    used 5566K, committed 5824K, reserved 1048576K
}
Event: 11.589 GC heap after
{Heap after GC invocations=12 (full 0):
 garbage-first heap   total 118784K, used 36505K [0x0000000680000000, 0x0000000800000000)
  region size 4096K, 1 young (4096K), 1 survivors (4096K)
 Metaspace       used 39340K, committed 39872K, reserved 1114112K
  class space    used 5566K, committed 5824K, reserved 1048576K
}
Event: 13.204 GC heap before
{Heap before GC invocations=12 (full 0):
 garbage-first heap   total 118784K, used 85657K [0x0000000680000000, 0x0000000800000000)
  region size 4096K, 13 young (53248K), 1 survivors (4096K)
 Metaspace       used 44652K, committed 45248K, reserved 1114112K
  class space    used 6349K, committed 6656K, reserved 1048576K
}
Event: 13.211 GC heap after
{Heap after GC invocations=13 (full 0):
 garbage-first heap   total 118784K, used 37708K [0x0000000680000000, 0x0000000800000000)
  region size 4096K, 1 young (4096K), 1 survivors (4096K)
 Metaspace       used 44652K, committed 45248K, reserved 1114112K
  class space    used 6349K, committed 6656K, reserved 1048576K
}
Event: 14.711 GC heap before
{Heap before GC invocations=13 (full 0):
 garbage-first heap   total 118784K, used 86860K [0x0000000680000000, 0x0000000800000000)
  region size 4096K, 14 young (57344K), 1 survivors (4096K)
 Metaspace       used 50427K, committed 51008K, reserved 1114112K
  class space    used 7159K, committed 7424K, reserved 1048576K
}
Event: 14.718 GC heap after
{Heap after GC invocations=14 (full 0):
 garbage-first heap   total 118784K, used 39455K [0x0000000680000000, 0x0000000800000000)
  region size 4096K, 1 young (4096K), 1 survivors (4096K)
 Metaspace       used 50427K, committed 51008K, reserved 1114112K
  class space    used 7159K, committed 7424K, reserved 1048576K
}
Event: 16.176 GC heap before
{Heap before GC invocations=14 (full 0):
 garbage-first heap   total 118784K, used 92703K [0x0000000680000000, 0x0000000800000000)
  region size 4096K, 14 young (57344K), 1 survivors (4096K)
 Metaspace       used 54744K, committed 55360K, reserved 1114112K
  class space    used 7819K, committed 8128K, reserved 1048576K
}
Event: 16.193 GC heap after
{Heap after GC invocations=15 (full 0):
 garbage-first heap   total 118784K, used 45238K [0x0000000680000000, 0x0000000800000000)
  region size 4096K, 2 young (8192K), 2 survivors (8192K)
 Metaspace       used 54744K, committed 55360K, reserved 1114112K
  class space    used 7819K, committed 8128K, reserved 1048576K
}
Event: 17.663 GC heap before
{Heap before GC invocations=15 (full 0):
 garbage-first heap   total 118784K, used 90294K [0x0000000680000000, 0x0000000800000000)
  region size 4096K, 13 young (53248K), 2 survivors (8192K)
 Metaspace       used 57583K, committed 58112K, reserved 1114112K
  class space    used 8283K, committed 8512K, reserved 1048576K
}
Event: 17.681 GC heap after
{Heap after GC invocations=16 (full 0):
 garbage-first heap   total 118784K, used 52147K [0x0000000680000000, 0x0000000800000000)
  region size 4096K, 2 young (8192K), 2 survivors (8192K)
 Metaspace       used 57583K, committed 58112K, reserved 1114112K
  class space    used 8283K, committed 8512K, reserved 1048576K
}
Event: 18.085 GC heap before
{Heap before GC invocations=16 (full 0):
 garbage-first heap   total 118784K, used 89011K [0x0000000680000000, 0x0000000800000000)
  region size 4096K, 11 young (45056K), 2 survivors (8192K)
 Metaspace       used 57801K, committed 58432K, reserved 1114112K
  class space    used 8296K, committed 8576K, reserved 1048576K
}
Event: 18.097 GC heap after
{Heap after GC invocations=17 (full 0):
 garbage-first heap   total 151552K, used 54501K [0x0000000680000000, 0x0000000800000000)
  region size 4096K, 1 young (4096K), 1 survivors (4096K)
 Metaspace       used 57801K, committed 58432K, reserved 1114112K
  class space    used 8296K, committed 8576K, reserved 1048576K
}
Event: 18.800 GC heap before
{Heap before GC invocations=17 (full 0):
 garbage-first heap   total 151552K, used 107749K [0x0000000680000000, 0x0000000800000000)
  region size 4096K, 15 young (61440K), 1 survivors (4096K)
 Metaspace       used 58204K, committed 58752K, reserved 1114112K
  class space    used 8317K, committed 8576K, reserved 1048576K
}
Event: 18.808 GC heap after
{Heap after GC invocations=18 (full 0):
 garbage-first heap   total 151552K, used 55594K [0x0000000680000000, 0x0000000800000000)
  region size 4096K, 2 young (8192K), 2 survivors (8192K)
 Metaspace       used 58204K, committed 58752K, reserved 1114112K
  class space    used 8317K, committed 8576K, reserved 1048576K
}
Event: 19.231 GC heap before
{Heap before GC invocations=18 (full 0):
 garbage-first heap   total 151552K, used 112938K [0x0000000680000000, 0x0000000800000000)
  region size 4096K, 16 young (65536K), 2 survivors (8192K)
 Metaspace       used 58253K, committed 58816K, reserved 1114112K
  class space    used 8318K, committed 8576K, reserved 1048576K
}
Event: 19.240 GC heap after
{Heap after GC invocations=19 (full 0):
 garbage-first heap   total 151552K, used 56984K [0x0000000680000000, 0x0000000800000000)
  region size 4096K, 2 young (8192K), 2 survivors (8192K)
 Metaspace       used 58253K, committed 58816K, reserved 1114112K
  class space    used 8318K, committed 8576K, reserved 1048576K
}
Event: 19.838 GC heap before
{Heap before GC invocations=19 (full 0):
 garbage-first heap   total 151552K, used 110232K [0x0000000680000000, 0x0000000800000000)
  region size 4096K, 16 young (65536K), 2 survivors (8192K)
 Metaspace       used 58786K, committed 59392K, reserved 1114112K
  class space    used 8377K, committed 8640K, reserved 1048576K
}
Event: 19.849 GC heap after
{Heap after GC invocations=20 (full 0):
 garbage-first heap   total 151552K, used 69512K [0x0000000680000000, 0x0000000800000000)
  region size 4096K, 2 young (8192K), 2 survivors (8192K)
 Metaspace       used 58786K, committed 59392K, reserved 1114112K
  class space    used 8377K, committed 8640K, reserved 1048576K
}
Event: 20.437 GC heap before
{Heap before GC invocations=20 (full 0):
 garbage-first heap   total 151552K, used 106376K [0x0000000680000000, 0x0000000800000000)
  region size 4096K, 11 young (45056K), 2 survivors (8192K)
 Metaspace       used 59062K, committed 59648K, reserved 1114112K
  class space    used 8410K, committed 8704K, reserved 1048576K
}

