# JRE version: Java(TM) SE Runtime Environment (17.0.12+8) (build 17.0.12+8-LTS-286)
# Java VM: Java HotSpot(TM) 64-Bit Server VM (17.0.12+8-LTS-286, mixed mode, sharing, tiered, compressed oops, compressed class ptrs, g1 gc, windows-amd64)
GC Precious Log:
 CPUs: 8 total, 8 available
 Memory: 7881M
 Large Page Support: Disabled
 NUMA Support: Disabled
 Compressed Oops: Enabled (Zero based)
 Heap Region Size: 2M
 Heap Min Capacity: 8M
 Heap Initial Capacity: 124M
 Heap Max Capacity: 4G
 Pre-touch: Disabled
 Parallel Workers: 8
 Concurrent Workers: 2
 Concurrent Refinement Workers: 8
 Periodic GC: Disabled
Heap:
 garbage-first heap   total 864256K, used 380627K [0x0000000700000000, 0x0000000800000000)
  region size 2048K, 3 young (6144K), 3 survivors (6144K)
 Metaspace       used 163432K, committed 165440K, reserved 1245184K
  class space    used 21696K, committed 22592K, reserved 1048576K
GC Heap History (20 events):
Event: 372.266 GC heap after
{Heap after GC invocations=62 (full 0):
 garbage-first heap   total 792576K, used 359240K [0x0000000700000000, 0x0000000800000000)
  region size 2048K, 13 young (26624K), 13 survivors (26624K)
 Metaspace       used 153057K, committed 155008K, reserved 1245184K
  class space    used 20229K, committed 21120K, reserved 1048576K
}
Event: 372.765 GC heap before
{Heap before GC invocations=62 (full 0):
 garbage-first heap   total 792576K, used 371528K [0x0000000700000000, 0x0000000800000000)
  region size 2048K, 19 young (38912K), 13 survivors (26624K)
 Metaspace       used 153500K, committed 155456K, reserved 1245184K
  class space    used 20304K, committed 21184K, reserved 1048576K
}
Event: 372.821 GC heap after
{Heap after GC invocations=63 (full 0):
 garbage-first heap   total 792576K, used 307303K [0x0000000700000000, 0x0000000800000000)
  region size 2048K, 3 young (6144K), 3 survivors (6144K)
 Metaspace       used 153500K, committed 155456K, reserved 1245184K
  class space    used 20304K, committed 21184K, reserved 1048576K
}
Event: 374.767 GC heap before
{Heap before GC invocations=63 (full 0):
 garbage-first heap   total 792576K, used 376935K [0x0000000700000000, 0x0000000800000000)
  region size 2048K, 39 young (79872K), 3 survivors (6144K)
 Metaspace       used 157269K, committed 159296K, reserved 1245184K
  class space    used 20971K, committed 21888K, reserved 1048576K
}
Event: 374.791 GC heap after
{Heap after GC invocations=64 (full 0):
 garbage-first heap   total 792576K, used 313153K [0x0000000700000000, 0x0000000800000000)
  region size 2048K, 6 young (12288K), 6 survivors (12288K)
 Metaspace       used 157269K, committed 159296K, reserved 1245184K
  class space    used 20971K, committed 21888K, reserved 1048576K
}
Event: 378.949 GC heap before
{Heap before GC invocations=65 (full 0):
 garbage-first heap   total 792576K, used 747329K [0x0000000700000000, 0x0000000800000000)
  region size 2048K, 95 young (194560K), 6 survivors (12288K)
 Metaspace       used 161702K, committed 163584K, reserved 1245184K
  class space    used 21593K, committed 22464K, reserved 1048576K
}
Event: 378.975 GC heap after
{Heap after GC invocations=66 (full 0):
 garbage-first heap   total 792576K, used 386408K [0x0000000700000000, 0x0000000800000000)
  region size 2048K, 7 young (14336K), 7 survivors (14336K)
 Metaspace       used 161702K, committed 163584K, reserved 1245184K
  class space    used 21593K, committed 22464K, reserved 1048576K
}
Event: 379.357 GC heap before
{Heap before GC invocations=66 (full 0):
 garbage-first heap   total 792576K, used 484712K [0x0000000700000000, 0x0000000800000000)
  region size 2048K, 20 young (40960K), 7 survivors (14336K)
 Metaspace       used 161824K, committed 163712K, reserved 1245184K
  class space    used 21597K, committed 22464K, reserved 1048576K
}
Event: 379.438 GC heap after
{Heap after GC invocations=67 (full 0):
 garbage-first heap   total 792576K, used 389653K [0x0000000700000000, 0x0000000800000000)
  region size 2048K, 2 young (4096K), 2 survivors (4096K)
 Metaspace       used 161824K, committed 163712K, reserved 1245184K
  class space    used 21597K, committed 22464K, reserved 1048576K
}
Event: 379.490 GC heap before
{Heap before GC invocations=67 (full 0):
 garbage-first heap   total 792576K, used 391701K [0x0000000700000000, 0x0000000800000000)
  region size 2048K, 4 young (8192K), 2 survivors (4096K)
 Metaspace       used 161827K, committed 163712K, reserved 1245184K
  class space    used 21598K, committed 22464K, reserved 1048576K
}
Event: 379.497 GC heap after
{Heap after GC invocations=68 (full 0):
 garbage-first heap   total 792576K, used 388403K [0x0000000700000000, 0x0000000800000000)
  region size 2048K, 1 young (2048K), 1 survivors (2048K)
 Metaspace       used 161827K, committed 163712K, reserved 1245184K
  class space    used 21598K, committed 22464K, reserved 1048576K
}
Event: 382.137 GC heap before
{Heap before GC invocations=69 (full 0):
 garbage-first heap   total 864256K, used 810291K [0x0000000700000000, 0x0000000800000000)
  region size 2048K, 62 young (126976K), 1 survivors (2048K)
 Metaspace       used 162324K, committed 164224K, reserved 1245184K
  class space    used 21632K, committed 22528K, reserved 1048576K
}
Event: 382.158 GC heap after
{Heap after GC invocations=70 (full 0):
 garbage-first heap   total 864256K, used 425422K [0x0000000700000000, 0x0000000800000000)
  region size 2048K, 2 young (4096K), 2 survivors (4096K)
 Metaspace       used 162324K, committed 164224K, reserved 1245184K
  class space    used 21632K, committed 22528K, reserved 1048576K
}
Event: 382.945 GC heap before
{Heap before GC invocations=70 (full 0):
 garbage-first heap   total 864256K, used 505294K [0x0000000700000000, 0x0000000800000000)
  region size 2048K, 21 young (43008K), 2 survivors (4096K)
 Metaspace       used 162505K, committed 164480K, reserved 1245184K
  class space    used 21647K, committed 22528K, reserved 1048576K
}
Event: 382.982 GC heap after
{Heap after GC invocations=71 (full 0):
 garbage-first heap   total 864256K, used 350455K [0x0000000700000000, 0x0000000800000000)
  region size 2048K, 2 young (4096K), 2 survivors (4096K)
 Metaspace       used 162505K, committed 164480K, reserved 1245184K
  class space    used 21647K, committed 22528K, reserved 1048576K
}
Event: 387.701 GC heap before
{Heap before GC invocations=71 (full 0):
 garbage-first heap   total 864256K, used 694519K [0x0000000700000000, 0x0000000800000000)
  region size 2048K, 171 young (350208K), 2 survivors (4096K)
 Metaspace       used 163310K, committed 165248K, reserved 1245184K
  class space    used 21692K, committed 22592K, reserved 1048576K
}
Event: 387.720 GC heap after
{Heap after GC invocations=72 (full 0):
 garbage-first heap   total 864256K, used 353984K [0x0000000700000000, 0x0000000800000000)
  region size 2048K, 5 young (10240K), 5 survivors (10240K)
 Metaspace       used 163310K, committed 165248K, reserved 1245184K
  class space    used 21692K, committed 22592K, reserved 1048576K
}
Event: 389.365 GC heap before
{Heap before GC invocations=73 (full 0):
 garbage-first heap   total 864256K, used 669376K [0x0000000700000000, 0x0000000800000000)
  region size 2048K, 177 young (362496K), 5 survivors (10240K)
 Metaspace       used 163432K, committed 165440K, reserved 1245184K
  class space    used 21696K, committed 22592K, reserved 1048576K
}
Event: 389.433 GC heap after
{Heap after GC invocations=74 (full 0):
 garbage-first heap   total 864256K, used 381008K [0x0000000700000000, 0x0000000800000000)
  region size 2048K, 23 young (47104K), 23 survivors (47104K)
 Metaspace       used 163432K, committed 165440K, reserved 1245184K
  class space    used 21696K, committed 22592K, reserved 1048576K
}
Event: 389.453 GC heap before
{Heap before GC invocations=74 (full 0):
 garbage-first heap   total 864256K, used 383056K [0x0000000700000000, 0x0000000800000000)
  region size 2048K, 24 young (49152K), 23 survivors (47104K)
 Metaspace       used 163432K, committed 165440K, reserved 1245184K
  class space    used 21696K, committed 22592K, reserved 1048576K
}

