# JRE version: Java(TM) SE Runtime Environment (17.0.12+8) (build 17.0.12+8-LTS-286)
# Java VM: Java HotSpot(TM) 64-Bit Server VM (17.0.12+8-LTS-286, mixed mode, sharing, tiered, compressed oops, compressed class ptrs, g1 gc, windows-amd64)
GC Precious Log:
 CPUs: 8 total, 8 available
 Memory: 7881M
 Large Page Support: Disabled
 NUMA Support: Disabled
 Compressed Oops: Enabled (Zero based)
 Heap Region Size: 2M
 Heap Min Capacity: 8M
 Heap Initial Capacity: 124M
 Heap Max Capacity: 4G
 Pre-touch: Disabled
 Parallel Workers: 8
 Concurrent Workers: 2
 Concurrent Refinement Workers: 8
 Periodic GC: Disabled
Heap:
 garbage-first heap   total 808960K, used 722801K [0x0000000700000000, 0x0000000800000000)
  region size 2048K, 172 young (352256K), 2 survivors (4096K)
 Metaspace       used 151757K, committed 153280K, reserved 1245184K
  class space    used 20110K, committed 20800K, reserved 1048576K
GC Heap History (20 events):
Event: 86.640 GC heap before
{Heap before GC invocations=63 (full 0):
 garbage-first heap   total 589824K, used 507153K [0x0000000700000000, 0x0000000800000000)
  region size 2048K, 116 young (237568K), 9 survivors (18432K)
 Metaspace       used 130585K, committed 132032K, reserved 1179648K
  class space    used 17113K, committed 17728K, reserved 1048576K
}
Event: 86.652 GC heap after
{Heap after GC invocations=64 (full 0):
 garbage-first heap   total 589824K, used 283414K [0x0000000700000000, 0x0000000800000000)
  region size 2048K, 6 young (12288K), 6 survivors (12288K)
 Metaspace       used 130585K, committed 132032K, reserved 1179648K
  class space    used 17113K, committed 17728K, reserved 1048576K
}
Event: 87.990 GC heap before
{Heap before GC invocations=64 (full 0):
 garbage-first heap   total 589824K, used 510742K [0x0000000700000000, 0x0000000800000000)
  region size 2048K, 117 young (239616K), 6 survivors (12288K)
 Metaspace       used 131675K, committed 133184K, reserved 1179648K
  class space    used 17256K, committed 17920K, reserved 1048576K
}
Event: 87.997 GC heap after
{Heap after GC invocations=65 (full 0):
 garbage-first heap   total 763904K, used 274905K [0x0000000700000000, 0x0000000800000000)
  region size 2048K, 3 young (6144K), 3 survivors (6144K)
 Metaspace       used 131675K, committed 133184K, reserved 1179648K
  class space    used 17256K, committed 17920K, reserved 1048576K
}
Event: 91.491 GC heap before
{Heap before GC invocations=65 (full 0):
 garbage-first heap   total 763904K, used 463321K [0x0000000700000000, 0x0000000800000000)
  region size 2048K, 90 young (184320K), 3 survivors (6144K)
 Metaspace       used 135131K, committed 136768K, reserved 1179648K
  class space    used 17695K, committed 18432K, reserved 1048576K
}
Event: 91.505 GC heap after
{Heap after GC invocations=66 (full 0):
 garbage-first heap   total 763904K, used 295614K [0x0000000700000000, 0x0000000800000000)
  region size 2048K, 6 young (12288K), 6 survivors (12288K)
 Metaspace       used 135131K, committed 136768K, reserved 1179648K
  class space    used 17695K, committed 18432K, reserved 1048576K
}
Event: 91.826 GC heap before
{Heap before GC invocations=66 (full 0):
 garbage-first heap   total 763904K, used 367294K [0x0000000700000000, 0x0000000800000000)
  region size 2048K, 11 young (22528K), 6 survivors (12288K)
 Metaspace       used 135245K, committed 136832K, reserved 1179648K
  class space    used 17709K, committed 18432K, reserved 1048576K
}
Event: 91.838 GC heap after
{Heap after GC invocations=67 (full 0):
 garbage-first heap   total 763904K, used 355330K [0x0000000700000000, 0x0000000800000000)
  region size 2048K, 6 young (12288K), 6 survivors (12288K)
 Metaspace       used 135245K, committed 136832K, reserved 1179648K
  class space    used 17709K, committed 18432K, reserved 1048576K
}
Event: 95.579 GC heap before
{Heap before GC invocations=68 (full 0):
 garbage-first heap   total 808960K, used 703490K [0x0000000700000000, 0x0000000800000000)
  region size 2048K, 151 young (309248K), 6 survivors (12288K)
 Metaspace       used 141181K, committed 142720K, reserved 1179648K
  class space    used 18626K, committed 19328K, reserved 1048576K
}
Event: 95.639 GC heap after
{Heap after GC invocations=69 (full 0):
 garbage-first heap   total 808960K, used 390627K [0x0000000700000000, 0x0000000800000000)
  region size 2048K, 10 young (20480K), 10 survivors (20480K)
 Metaspace       used 141181K, committed 142720K, reserved 1179648K
  class space    used 18626K, committed 19328K, reserved 1048576K
}
Event: 95.696 GC heap before
{Heap before GC invocations=69 (full 0):
 garbage-first heap   total 808960K, used 407011K [0x0000000700000000, 0x0000000800000000)
  region size 2048K, 20 young (40960K), 10 survivors (20480K)
 Metaspace       used 141328K, committed 142848K, reserved 1179648K
  class space    used 18643K, committed 19328K, reserved 1048576K
}
Event: 95.781 GC heap after
{Heap after GC invocations=70 (full 0):
 garbage-first heap   total 808960K, used 384743K [0x0000000700000000, 0x0000000800000000)
  region size 2048K, 2 young (4096K), 2 survivors (4096K)
 Metaspace       used 141328K, committed 142848K, reserved 1179648K
  class space    used 18643K, committed 19328K, reserved 1048576K
}
Event: 96.978 GC heap before
{Heap before GC invocations=70 (full 0):
 garbage-first heap   total 808960K, used 685799K [0x0000000700000000, 0x0000000800000000)
  region size 2048K, 150 young (307200K), 2 survivors (4096K)
 Metaspace       used 145163K, committed 146752K, reserved 1179648K
  class space    used 19192K, committed 19904K, reserved 1048576K
}
Event: 96.988 GC heap after
{Heap after GC invocations=71 (full 0):
 garbage-first heap   total 808960K, used 390137K [0x0000000700000000, 0x0000000800000000)
  region size 2048K, 5 young (10240K), 5 survivors (10240K)
 Metaspace       used 145163K, committed 146752K, reserved 1179648K
  class space    used 19192K, committed 19904K, reserved 1048576K
}
Event: 97.719 GC heap before
{Heap before GC invocations=71 (full 0):
 garbage-first heap   total 808960K, used 674809K [0x0000000700000000, 0x0000000800000000)
  region size 2048K, 140 young (286720K), 5 survivors (10240K)
 Metaspace       used 146573K, committed 148160K, reserved 1179648K
  class space    used 19423K, committed 20096K, reserved 1048576K
}
Event: 97.731 GC heap after
{Heap after GC invocations=72 (full 0):
 garbage-first heap   total 808960K, used 407394K [0x0000000700000000, 0x0000000800000000)
  region size 2048K, 7 young (14336K), 7 survivors (14336K)
 Metaspace       used 146573K, committed 148160K, reserved 1179648K
  class space    used 19423K, committed 20096K, reserved 1048576K
}
Event: 99.633 GC heap before
{Heap before GC invocations=73 (full 0):
 garbage-first heap   total 808960K, used 651106K [0x0000000700000000, 0x0000000800000000)
  region size 2048K, 149 young (305152K), 7 survivors (14336K)
 Metaspace       used 149539K, committed 151104K, reserved 1245184K
  class space    used 19785K, committed 20480K, reserved 1048576K
}
Event: 99.671 GC heap after
{Heap after GC invocations=74 (full 0):
 garbage-first heap   total 808960K, used 318232K [0x0000000700000000, 0x0000000800000000)
  region size 2048K, 16 young (32768K), 16 survivors (32768K)
 Metaspace       used 149539K, committed 151104K, reserved 1245184K
  class space    used 19785K, committed 20480K, reserved 1048576K
}
Event: 99.714 GC heap before
{Heap before GC invocations=74 (full 0):
 garbage-first heap   total 808960K, used 324376K [0x0000000700000000, 0x0000000800000000)
  region size 2048K, 19 young (38912K), 16 survivors (32768K)
 Metaspace       used 149658K, committed 151168K, reserved 1245184K
  class space    used 19799K, committed 20480K, reserved 1048576K
}
Event: 99.818 GC heap after
{Heap after GC invocations=75 (full 0):
 garbage-first heap   total 808960K, used 311153K [0x0000000700000000, 0x0000000800000000)
  region size 2048K, 2 young (4096K), 2 survivors (4096K)
 Metaspace       used 149658K, committed 151168K, reserved 1245184K
  class space    used 19799K, committed 20480K, reserved 1048576K
}

